Copyright 1986-2022 Xilinx, Inc. All Rights Reserved. Copyright 2022-2023 Advanced Micro Devices, Inc. All Rights Reserved.
---------------------------------------------------------------------------------------------------------------------------------------------
| Tool Version : Vivado v.2023.1 (lin64) Build 3865809 Sun May  7 15:04:56 MDT 2023
| Date         : Sat Nov 25 02:05:54 2023
| Host         : chngh running 64-bit Ubuntu 22.04.3 LTS
| Command      : report_clock_utilization -file design_1_wrapper_clock_utilization_routed.rpt
| Design       : design_1_wrapper
| Device       : 7z020-clg400
| Speed File   : -1  PRODUCTION 1.12 2019-11-22
| Design State : Routed
---------------------------------------------------------------------------------------------------------------------------------------------

Clock Utilization Report

Table of Contents
-----------------
1. Clock Primitive Utilization
2. Global Clock Resources
3. Global Clock Source Details
4. Clock Regions: Key Resource Utilization
5. Clock Regions : Global Clock Summary
6. Device Cell Placement Summary for Global Clock g0
7. Device Cell Placement Summary for Global Clock g1
8. Device Cell Placement Summary for Global Clock g2
9. Device Cell Placement Summary for Global Clock g3
10. Device Cell Placement Summary for Global Clock g4
11. Device Cell Placement Summary for Global Clock g5
12. Device Cell Placement Summary for Global Clock g6
13. Clock Region Cell Placement per Global Clock: Region X0Y0
14. Clock Region Cell Placement per Global Clock: Region X1Y0
15. Clock Region Cell Placement per Global Clock: Region X0Y1
16. Clock Region Cell Placement per Global Clock: Region X1Y1
17. Clock Region Cell Placement per Global Clock: Region X0Y2

1. Clock Primitive Utilization
------------------------------

+----------+------+-----------+-----+--------------+--------+
| Type     | Used | Available | LOC | Clock Region | Pblock |
+----------+------+-----------+-----+--------------+--------+
| BUFGCTRL |    7 |        32 |   0 |            0 |      0 |
| BUFH     |    0 |        72 |   0 |            0 |      0 |
| BUFIO    |    0 |        16 |   0 |            0 |      0 |
| BUFMR    |    0 |         8 |   0 |            0 |      0 |
| BUFR     |    0 |        16 |   0 |            0 |      0 |
| MMCM     |    0 |         4 |   0 |            0 |      0 |
| PLL      |    0 |         4 |   0 |            0 |      0 |
+----------+------+-----------+-----+--------------+--------+


2. Global Clock Resources
-------------------------

+-----------+-----------+-----------------+------------+----------------+--------------+-------------------+-------------+-----------------+--------------+------------+--------------------------------------------------------------------------+-------------------------------------------------------------------+
| Global Id | Source Id | Driver Type/Pin | Constraint | Site           | Clock Region | Load Clock Region | Clock Loads | Non-Clock Loads | Clock Period | Clock      | Driver Pin                                                               | Net                                                               |
+-----------+-----------+-----------------+------------+----------------+--------------+-------------------+-------------+-----------------+--------------+------------+--------------------------------------------------------------------------+-------------------------------------------------------------------+
| g0        | src0      | BUFG/O          | None       | BUFGCTRL_X0Y22 | n/a          |                 5 |        5048 |               3 |      100.000 | clk_fpga_0 | design_1_i/processing_system7_0/inst/buffer_fclk_clk_0.FCLK_CLK_0_BUFG/O | design_1_i/processing_system7_0/inst/FCLK_CLK0                    |
| g1        | src1      | BUFG/O          | None       | BUFGCTRL_X0Y16 | n/a          |                 3 |         615 |               0 |              |            | design_1_i/caravel_0/inst/housekeeping/csclk_BUFG_inst/O                 | design_1_i/caravel_0/inst/housekeeping/csclk_BUFG                 |
| g2        | src2      | BUFG/O          | None       | BUFGCTRL_X0Y18 | n/a          |                 4 |         310 |               4 |              |            | design_1_i/caravel_0/inst/housekeeping/mprj_io_loader_clock_BUFG_inst/O  | design_1_i/caravel_0/inst/housekeeping/mprj_io_loader_clock_BUFG  |
| g3        | src3      | BUFG/O          | None       | BUFGCTRL_X0Y19 | n/a          |                 4 |         190 |               0 |              |            | design_1_i/caravel_0/inst/housekeeping/mprj_io_loader_strobe_BUFG_inst/O | design_1_i/caravel_0/inst/housekeeping/mprj_io_loader_strobe_BUFG |
| g4        | src0      | BUFG/O          | None       | BUFGCTRL_X0Y20 | n/a          |                 2 |          97 |               0 |      100.000 | clk_fpga_0 | design_1_i/caravel_0/inst/soc/core/CLK_BUFG_inst/O                       | design_1_i/caravel_0/inst/soc/core/CLK_BUFG                       |
| g5        | src4      | BUFG/O          | None       | BUFGCTRL_X0Y17 | n/a          |                 1 |          52 |               0 |              |            | design_1_i/caravel_0/inst/housekeeping/hkspi/flash_clk_BUFG_inst/O       | design_1_i/caravel_0/inst/housekeeping/hkspi/flash_clk_BUFG       |
| g6        | src5      | BUFG/O          | None       | BUFGCTRL_X0Y21 | n/a          |                 3 |          45 |               4 |              |            | design_1_i/caravel_ps_0/inst/control_s_axi_U/mprj_in[4]_BUFG_inst/O      | design_1_i/caravel_ps_0/inst/control_s_axi_U/mprj_in_BUFG[4]      |
+-----------+-----------+-----------------+------------+----------------+--------------+-------------------+-------------+-----------------+--------------+------------+--------------------------------------------------------------------------+-------------------------------------------------------------------+
* Clock Loads column represents cell count of net connects that connect to a clock pin. Internal cell leaf pins are not considered
** Non-Clock Loads column represents cell count of non-clock pin loads


3. Global Clock Source Details
------------------------------

+-----------+-----------+-----------------+------------+--------------+--------------+-------------+-----------------+---------------------+--------------+------------------------------------------------------------------+--------------------------------------------------------------+
| Source Id | Global Id | Driver Type/Pin | Constraint | Site         | Clock Region | Clock Loads | Non-Clock Loads | Source Clock Period | Source Clock | Driver Pin                                                       | Net                                                          |
+-----------+-----------+-----------------+------------+--------------+--------------+-------------+-----------------+---------------------+--------------+------------------------------------------------------------------+--------------------------------------------------------------+
| src0      | g0        | PS7/FCLKCLK[0]  | PS7_X0Y0   | PS7_X0Y0     | X0Y2         |           1 |               0 |             100.000 | clk_fpga_0   | design_1_i/processing_system7_0/inst/PS7_i/FCLKCLK[0]            | design_1_i/processing_system7_0/inst/FCLK_CLK_unbuffered[0]  |
| src0      | g4        | LUT3/O          | None       | SLICE_X50Y50 | X1Y1         |           1 |               0 |             100.000 | clk_fpga_0   | design_1_i/caravel_0/inst/soc/core/a_q[31]_i_2/O                 | design_1_i/caravel_0/inst/soc/core/CLK                       |
| src1      | g1        | LUT6/O          | None       | SLICE_X52Y50 | X1Y1         |           1 |               0 |                     |              | design_1_i/caravel_0/inst/housekeeping/hkspi_disable_i_2/O       | design_1_i/caravel_0/inst/housekeeping/csclk                 |
| src2      | g2        | LUT3/O          | None       | SLICE_X53Y51 | X1Y1         |           1 |               0 |                     |              | design_1_i/caravel_0/inst/housekeeping/shift_register[12]_i_1/O  | design_1_i/caravel_0/inst/housekeeping/mprj_io_loader_clock  |
| src3      | g3        | LUT3/O          | None       | SLICE_X53Y51 | X1Y1         |           1 |               0 |                     |              | design_1_i/caravel_0/inst/housekeeping/gpio_dm[2]_C_i_1/O        | design_1_i/caravel_0/inst/housekeeping/mprj_io_loader_strobe |
| src4      | g5        | LUT3/O          | None       | SLICE_X50Y50 | X1Y1         |           1 |               0 |                     |              | design_1_i/caravel_0/inst/housekeeping/hkspi/flash_clk_INST_0/O  | design_1_i/caravel_0/inst/housekeeping/hkspi/flash_clk       |
| src5      | g6        | LUT3/O          | None       | SLICE_X44Y52 | X0Y1         |           1 |               0 |                     |              | design_1_i/caravel_ps_0/inst/control_s_axi_U/mprj_in[4]_INST_0/O | design_1_i/caravel_ps_0/inst/control_s_axi_U/mprj_in[4]      |
+-----------+-----------+-----------------+------------+--------------+--------------+-------------+-----------------+---------------------+--------------+------------------------------------------------------------------+--------------------------------------------------------------+
* Clock Loads column represents cell count of net connects that connect to a clock pin. Internal cell leaf pins are not considered
** Non-Clock Loads column represents cell count of non-clock pin loads


4. Clock Regions: Key Resource Utilization
------------------------------------------

+-------------------+--------------+--------------+--------------+--------------+--------------+--------------+--------------+--------------+--------------+--------------+--------------+--------------+--------------+--------------+--------------+
|                   | Global Clock |     BUFRs    |    BUFMRs    |    BUFIOs    |     MMCM     |      PLL     |      GT      |      PCI     |    ILOGIC    |    OLOGIC    |      FF      |     LUTM     |    RAMB18    |    RAMB36    |    DSP48E2   |
+-------------------+------+-------+------+-------+------+-------+------+-------+------+-------+------+-------+------+-------+------+-------+------+-------+------+-------+------+-------+------+-------+------+-------+------+-------+------+-------+
| Clock Region Name | Used | Avail | Used | Avail | Used | Avail | Used | Avail | Used | Avail | Used | Avail | Used | Avail | Used | Avail | Used | Avail | Used | Avail | Used | Avail | Used | Avail | Used | Avail | Used | Avail | Used | Avail |
+-------------------+------+-------+------+-------+------+-------+------+-------+------+-------+------+-------+------+-------+------+-------+------+-------+------+-------+------+-------+------+-------+------+-------+------+-------+------+-------+
| X0Y0              |    5 |    12 |    0 |     4 |    0 |     2 |    0 |     4 |    0 |     1 |    0 |     1 |    0 |     0 |    0 |     0 |    0 |    50 |    0 |    50 | 1760 |  2500 |  755 |  1000 |    0 |    60 |    3 |    30 |    0 |    60 |
| X1Y0              |    6 |    12 |    0 |     4 |    0 |     2 |    0 |     4 |    0 |     1 |    0 |     1 |    0 |     0 |    0 |     0 |    0 |    50 |    0 |    50 | 2254 |  3200 |  367 |   850 |    3 |    60 |    0 |    30 |    0 |    40 |
| X0Y1              |    5 |    12 |    0 |     0 |    0 |     0 |    0 |     0 |    0 |     0 |    0 |     0 |    0 |     0 |    0 |     0 |    0 |     0 |    0 |     0 | 1362 |  1200 |  624 |   400 |    0 |    20 |    0 |    10 |    0 |    20 |
| X1Y1              |    5 |    12 |    0 |     4 |    0 |     2 |    0 |     4 |    0 |     1 |    0 |     1 |    0 |     0 |    0 |     0 |    0 |    50 |    0 |    50 |  657 |  2600 |  198 |   850 |    0 |    60 |    0 |    30 |    0 |    40 |
| X0Y2              |    1 |    12 |    0 |     0 |    0 |     0 |    0 |     0 |    0 |     0 |    0 |     0 |    0 |     0 |    0 |     0 |    0 |     0 |    0 |     0 |   99 |  1200 |   52 |   400 |    0 |    20 |    0 |    10 |    0 |    20 |
| X1Y2              |    0 |    12 |    0 |     4 |    0 |     2 |    0 |     4 |    0 |     1 |    0 |     1 |    0 |     0 |    0 |     0 |    0 |    50 |    0 |    50 |    0 |  2600 |    0 |   850 |    0 |    60 |    0 |    30 |    0 |    40 |
+-------------------+------+-------+------+-------+------+-------+------+-------+------+-------+------+-------+------+-------+------+-------+------+-------+------+-------+------+-------+------+-------+------+-------+------+-------+------+-------+
* Global Clock column represents track count; while other columns represents cell counts


5. Clock Regions : Global Clock Summary
---------------------------------------

All Modules
+----+----+----+
|    | X0 | X1 |
+----+----+----+
| Y2 |  0 |  0 |
| Y1 |  0 |  0 |
| Y0 |  0 |  0 |
+----+----+----+


6. Device Cell Placement Summary for Global Clock g0
----------------------------------------------------

+-----------+-----------------+-------------------+------------+-------------+----------------+-------------+----------+----------------+----------+------------------------------------------------+
| Global Id | Driver Type/Pin | Driver Region (D) | Clock      | Period (ns) | Waveform (ns)  | Slice Loads | IO Loads | Clocking Loads | GT Loads | Net                                            |
+-----------+-----------------+-------------------+------------+-------------+----------------+-------------+----------+----------------+----------+------------------------------------------------+
| g0        | BUFG/O          | n/a               | clk_fpga_0 |     100.000 | {0.000 50.000} |        5046 |        0 |              0 |        0 | design_1_i/processing_system7_0/inst/FCLK_CLK0 |
+-----------+-----------------+-------------------+------------+-------------+----------------+-------------+----------+----------------+----------+------------------------------------------------+
* Slice Loads column represents load cell count of all cell types other than IO, GT and clock resources
** IO Loads column represents load cell count of IO types
*** Clocking Loads column represents load cell count that are clock resources (global clock buffer, MMCM, PLL, etc)
**** GT Loads column represents load cell count of GT types


+----+-------+-------+-----------------------+
|    | X0    | X1    | HORIZONTAL PROG DELAY |
+----+-------+-------+-----------------------+
| Y2 |   116 |     0 |                     0 |
| Y1 |  1102 |    44 |                     0 |
| Y0 |  1597 |  2187 |                     0 |
+----+-------+-------+-----------------------+


7. Device Cell Placement Summary for Global Clock g1
----------------------------------------------------

+-----------+-----------------+-------------------+-------+-------------+---------------+-------------+----------+----------------+----------+---------------------------------------------------+
| Global Id | Driver Type/Pin | Driver Region (D) | Clock | Period (ns) | Waveform (ns) | Slice Loads | IO Loads | Clocking Loads | GT Loads | Net                                               |
+-----------+-----------------+-------------------+-------+-------------+---------------+-------------+----------+----------------+----------+---------------------------------------------------+
| g1        | BUFG/O          | n/a               |       |             |               |         615 |        0 |              0 |        0 | design_1_i/caravel_0/inst/housekeeping/csclk_BUFG |
+-----------+-----------------+-------------------+-------+-------------+---------------+-------------+----------+----------------+----------+---------------------------------------------------+
* Slice Loads column represents load cell count of all cell types other than IO, GT and clock resources
** IO Loads column represents load cell count of IO types
*** Clocking Loads column represents load cell count that are clock resources (global clock buffer, MMCM, PLL, etc)
**** GT Loads column represents load cell count of GT types


+----+-----+------+-----------------------+
|    | X0  | X1   | HORIZONTAL PROG DELAY |
+----+-----+------+-----------------------+
| Y2 |   0 |    0 |                     - |
| Y1 |  49 |  561 |                     0 |
| Y0 |   0 |    5 |                     0 |
+----+-----+------+-----------------------+


8. Device Cell Placement Summary for Global Clock g2
----------------------------------------------------

+-----------+-----------------+-------------------+-------+-------------+---------------+-------------+----------+----------------+----------+------------------------------------------------------------------+
| Global Id | Driver Type/Pin | Driver Region (D) | Clock | Period (ns) | Waveform (ns) | Slice Loads | IO Loads | Clocking Loads | GT Loads | Net                                                              |
+-----------+-----------------+-------------------+-------+-------------+---------------+-------------+----------+----------------+----------+------------------------------------------------------------------+
| g2        | BUFG/O          | n/a               |       |             |               |         314 |        0 |              0 |        0 | design_1_i/caravel_0/inst/housekeeping/mprj_io_loader_clock_BUFG |
+-----------+-----------------+-------------------+-------+-------------+---------------+-------------+----------+----------------+----------+------------------------------------------------------------------+
* Slice Loads column represents load cell count of all cell types other than IO, GT and clock resources
** IO Loads column represents load cell count of IO types
*** Clocking Loads column represents load cell count that are clock resources (global clock buffer, MMCM, PLL, etc)
**** GT Loads column represents load cell count of GT types


+----+------+-----+-----------------------+
|    | X0   | X1  | HORIZONTAL PROG DELAY |
+----+------+-----+-----------------------+
| Y2 |    0 |   0 |                     - |
| Y1 |  177 |  37 |                     0 |
| Y0 |   84 |  16 |                     0 |
+----+------+-----+-----------------------+


9. Device Cell Placement Summary for Global Clock g3
----------------------------------------------------

+-----------+-----------------+-------------------+-------+-------------+---------------+-------------+----------+----------------+----------+-------------------------------------------------------------------+
| Global Id | Driver Type/Pin | Driver Region (D) | Clock | Period (ns) | Waveform (ns) | Slice Loads | IO Loads | Clocking Loads | GT Loads | Net                                                               |
+-----------+-----------------+-------------------+-------+-------------+---------------+-------------+----------+----------------+----------+-------------------------------------------------------------------+
| g3        | BUFG/O          | n/a               |       |             |               |         190 |        0 |              0 |        0 | design_1_i/caravel_0/inst/housekeeping/mprj_io_loader_strobe_BUFG |
+-----------+-----------------+-------------------+-------+-------------+---------------+-------------+----------+----------------+----------+-------------------------------------------------------------------+
* Slice Loads column represents load cell count of all cell types other than IO, GT and clock resources
** IO Loads column represents load cell count of IO types
*** Clocking Loads column represents load cell count that are clock resources (global clock buffer, MMCM, PLL, etc)
**** GT Loads column represents load cell count of GT types


+----+------+-----+-----------------------+
|    | X0   | X1  | HORIZONTAL PROG DELAY |
+----+------+-----+-----------------------+
| Y2 |    0 |   0 |                     - |
| Y1 |  128 |  21 |                     0 |
| Y0 |   36 |   5 |                     0 |
+----+------+-----+-----------------------+


10. Device Cell Placement Summary for Global Clock g4
-----------------------------------------------------

+-----------+-----------------+-------------------+------------+-------------+----------------+-------------+----------+----------------+----------+---------------------------------------------+
| Global Id | Driver Type/Pin | Driver Region (D) | Clock      | Period (ns) | Waveform (ns)  | Slice Loads | IO Loads | Clocking Loads | GT Loads | Net                                         |
+-----------+-----------------+-------------------+------------+-------------+----------------+-------------+----------+----------------+----------+---------------------------------------------+
| g4        | BUFG/O          | n/a               | clk_fpga_0 |     100.000 | {0.000 50.000} |          97 |        0 |              0 |        0 | design_1_i/caravel_0/inst/soc/core/CLK_BUFG |
+-----------+-----------------+-------------------+------------+-------------+----------------+-------------+----------+----------------+----------+---------------------------------------------+
* Slice Loads column represents load cell count of all cell types other than IO, GT and clock resources
** IO Loads column represents load cell count of IO types
*** Clocking Loads column represents load cell count that are clock resources (global clock buffer, MMCM, PLL, etc)
**** GT Loads column represents load cell count of GT types


+----+-----+----+-----------------------+
|    | X0  | X1 | HORIZONTAL PROG DELAY |
+----+-----+----+-----------------------+
| Y2 |   0 |  0 |                     - |
| Y1 |   0 |  0 |                     - |
| Y0 |  91 |  6 |                     0 |
+----+-----+----+-----------------------+


11. Device Cell Placement Summary for Global Clock g5
-----------------------------------------------------

+-----------+-----------------+-------------------+-------+-------------+---------------+-------------+----------+----------------+----------+-------------------------------------------------------------+
| Global Id | Driver Type/Pin | Driver Region (D) | Clock | Period (ns) | Waveform (ns) | Slice Loads | IO Loads | Clocking Loads | GT Loads | Net                                                         |
+-----------+-----------------+-------------------+-------+-------------+---------------+-------------+----------+----------------+----------+-------------------------------------------------------------+
| g5        | BUFG/O          | n/a               |       |             |               |          52 |        0 |              0 |        0 | design_1_i/caravel_0/inst/housekeeping/hkspi/flash_clk_BUFG |
+-----------+-----------------+-------------------+-------+-------------+---------------+-------------+----------+----------------+----------+-------------------------------------------------------------+
* Slice Loads column represents load cell count of all cell types other than IO, GT and clock resources
** IO Loads column represents load cell count of IO types
*** Clocking Loads column represents load cell count that are clock resources (global clock buffer, MMCM, PLL, etc)
**** GT Loads column represents load cell count of GT types


+----+-----+----+-----------------------+
|    | X0  | X1 | HORIZONTAL PROG DELAY |
+----+-----+----+-----------------------+
| Y2 |   0 |  0 |                     - |
| Y1 |   0 |  0 |                     - |
| Y0 |  52 |  0 |                     0 |
+----+-----+----+-----------------------+


12. Device Cell Placement Summary for Global Clock g6
-----------------------------------------------------

+-----------+-----------------+-------------------+-------+-------------+---------------+-------------+----------+----------------+----------+--------------------------------------------------------------+
| Global Id | Driver Type/Pin | Driver Region (D) | Clock | Period (ns) | Waveform (ns) | Slice Loads | IO Loads | Clocking Loads | GT Loads | Net                                                          |
+-----------+-----------------+-------------------+-------+-------------+---------------+-------------+----------+----------------+----------+--------------------------------------------------------------+
| g6        | BUFG/O          | n/a               |       |             |               |          49 |        0 |              0 |        0 | design_1_i/caravel_ps_0/inst/control_s_axi_U/mprj_in_BUFG[4] |
+-----------+-----------------+-------------------+-------+-------------+---------------+-------------+----------+----------------+----------+--------------------------------------------------------------+
* Slice Loads column represents load cell count of all cell types other than IO, GT and clock resources
** IO Loads column represents load cell count of IO types
*** Clocking Loads column represents load cell count that are clock resources (global clock buffer, MMCM, PLL, etc)
**** GT Loads column represents load cell count of GT types


+----+----+-----+-----------------------+
|    | X0 | X1  | HORIZONTAL PROG DELAY |
+----+----+-----+-----------------------+
| Y2 |  0 |   0 |                     - |
| Y1 |  1 |   3 |                     0 |
| Y0 |  0 |  45 |                     0 |
+----+----+-----+-----------------------+


13. Clock Region Cell Placement per Global Clock: Region X0Y0
-------------------------------------------------------------

+-----------+-------+-----------------+------------+-------------+-----------------+------+-------------+------+-----+----+------+-----+---------+-------------------------------------------------------------------+
| Global Id | Track | Driver Type/Pin | Constraint | Clock Loads | Non-Clock Loads | FF   | Memory LUTs | RAMB | DSP | GT | MMCM | PLL | Hard IP | Net                                                               |
+-----------+-------+-----------------+------------+-------------+-----------------+------+-------------+------+-----+----+------+-----+---------+-------------------------------------------------------------------+
| g0        | n/a   | BUFG/O          | None       |        1597 |               0 | 1509 |          85 |    3 |   0 |  0 |    0 |   0 |       0 | design_1_i/processing_system7_0/inst/FCLK_CLK0                    |
| g2        | n/a   | BUFG/O          | None       |          84 |               0 |   72 |          12 |    0 |   0 |  0 |    0 |   0 |       0 | design_1_i/caravel_0/inst/housekeeping/mprj_io_loader_clock_BUFG  |
| g3        | n/a   | BUFG/O          | None       |          36 |               0 |   36 |           0 |    0 |   0 |  0 |    0 |   0 |       0 | design_1_i/caravel_0/inst/housekeeping/mprj_io_loader_strobe_BUFG |
| g4        | n/a   | BUFG/O          | None       |          91 |               0 |   91 |           0 |    0 |   0 |  0 |    0 |   0 |       0 | design_1_i/caravel_0/inst/soc/core/CLK_BUFG                       |
| g5        | n/a   | BUFG/O          | None       |          52 |               0 |   52 |           0 |    0 |   0 |  0 |    0 |   0 |       0 | design_1_i/caravel_0/inst/housekeeping/hkspi/flash_clk_BUFG       |
+-----------+-------+-----------------+------------+-------------+-----------------+------+-------------+------+-----+----+------+-----+---------+-------------------------------------------------------------------+
* Clock Loads column represents cell count of net connects that connect to a clock pin. Internal cell leaf pins are not considered
** Non-Clock Loads column represents cell count of non-clock pin loads
*** Columns FF, LUTRAM, RAMB through 'Hard IP' represents load cell counts


14. Clock Region Cell Placement per Global Clock: Region X1Y0
-------------------------------------------------------------

+-----------+-------+-----------------+------------+-------------+-----------------+------+-------------+------+-----+----+------+-----+---------+-------------------------------------------------------------------+
| Global Id | Track | Driver Type/Pin | Constraint | Clock Loads | Non-Clock Loads | FF   | Memory LUTs | RAMB | DSP | GT | MMCM | PLL | Hard IP | Net                                                               |
+-----------+-------+-----------------+------------+-------------+-----------------+------+-------------+------+-----+----+------+-----+---------+-------------------------------------------------------------------+
| g0        | n/a   | BUFG/O          | None       |        2187 |               0 | 2181 |           0 |    3 |   0 |  0 |    0 |   0 |       0 | design_1_i/processing_system7_0/inst/FCLK_CLK0                    |
| g1        | n/a   | BUFG/O          | None       |           5 |               0 |    5 |           0 |    0 |   0 |  0 |    0 |   0 |       0 | design_1_i/caravel_0/inst/housekeeping/csclk_BUFG                 |
| g2        | n/a   | BUFG/O          | None       |          14 |               2 |   12 |           2 |    0 |   0 |  0 |    0 |   0 |       0 | design_1_i/caravel_0/inst/housekeeping/mprj_io_loader_clock_BUFG  |
| g3        | n/a   | BUFG/O          | None       |           5 |               0 |    5 |           0 |    0 |   0 |  0 |    0 |   0 |       0 | design_1_i/caravel_0/inst/housekeeping/mprj_io_loader_strobe_BUFG |
| g4        | n/a   | BUFG/O          | None       |           6 |               0 |    6 |           0 |    0 |   0 |  0 |    0 |   0 |       0 | design_1_i/caravel_0/inst/soc/core/CLK_BUFG                       |
| g6        | n/a   | BUFG/O          | None       |          45 |               0 |   45 |           0 |    0 |   0 |  0 |    0 |   0 |       0 | design_1_i/caravel_ps_0/inst/control_s_axi_U/mprj_in_BUFG[4]      |
+-----------+-------+-----------------+------------+-------------+-----------------+------+-------------+------+-----+----+------+-----+---------+-------------------------------------------------------------------+
* Clock Loads column represents cell count of net connects that connect to a clock pin. Internal cell leaf pins are not considered
** Non-Clock Loads column represents cell count of non-clock pin loads
*** Columns FF, LUTRAM, RAMB through 'Hard IP' represents load cell counts


15. Clock Region Cell Placement per Global Clock: Region X0Y1
-------------------------------------------------------------

+-----------+-------+-----------------+------------+-------------+-----------------+------+-------------+------+-----+----+------+-----+---------+-------------------------------------------------------------------+
| Global Id | Track | Driver Type/Pin | Constraint | Clock Loads | Non-Clock Loads | FF   | Memory LUTs | RAMB | DSP | GT | MMCM | PLL | Hard IP | Net                                                               |
+-----------+-------+-----------------+------------+-------------+-----------------+------+-------------+------+-----+----+------+-----+---------+-------------------------------------------------------------------+
| g0        | n/a   | BUFG/O          | None       |        1100 |               2 | 1029 |          71 |    0 |   0 |  0 |    0 |   0 |       0 | design_1_i/processing_system7_0/inst/FCLK_CLK0                    |
| g1        | n/a   | BUFG/O          | None       |          49 |               0 |   49 |           0 |    0 |   0 |  0 |    0 |   0 |       0 | design_1_i/caravel_0/inst/housekeeping/csclk_BUFG                 |
| g2        | n/a   | BUFG/O          | None       |         177 |               0 |  156 |          21 |    0 |   0 |  0 |    0 |   0 |       0 | design_1_i/caravel_0/inst/housekeeping/mprj_io_loader_clock_BUFG  |
| g3        | n/a   | BUFG/O          | None       |         128 |               0 |  128 |           0 |    0 |   0 |  0 |    0 |   0 |       0 | design_1_i/caravel_0/inst/housekeeping/mprj_io_loader_strobe_BUFG |
| g6        | n/a   | BUFG/O          | None       |           0 |               1 |    0 |           0 |    0 |   0 |  0 |    0 |   0 |       0 | design_1_i/caravel_ps_0/inst/control_s_axi_U/mprj_in_BUFG[4]      |
+-----------+-------+-----------------+------------+-------------+-----------------+------+-------------+------+-----+----+------+-----+---------+-------------------------------------------------------------------+
* Clock Loads column represents cell count of net connects that connect to a clock pin. Internal cell leaf pins are not considered
** Non-Clock Loads column represents cell count of non-clock pin loads
*** Columns FF, LUTRAM, RAMB through 'Hard IP' represents load cell counts


16. Clock Region Cell Placement per Global Clock: Region X1Y1
-------------------------------------------------------------

+-----------+-------+-----------------+------------+-------------+-----------------+-----+-------------+------+-----+----+------+-----+---------+-------------------------------------------------------------------+
| Global Id | Track | Driver Type/Pin | Constraint | Clock Loads | Non-Clock Loads | FF  | Memory LUTs | RAMB | DSP | GT | MMCM | PLL | Hard IP | Net                                                               |
+-----------+-------+-----------------+------------+-------------+-----------------+-----+-------------+------+-----+----+------+-----+---------+-------------------------------------------------------------------+
| g0        | n/a   | BUFG/O          | None       |          43 |               1 |  43 |           0 |    0 |   0 |  0 |    0 |   0 |       0 | design_1_i/processing_system7_0/inst/FCLK_CLK0                    |
| g1        | n/a   | BUFG/O          | None       |         561 |               0 | 561 |           0 |    0 |   0 |  0 |    0 |   0 |       0 | design_1_i/caravel_0/inst/housekeeping/csclk_BUFG                 |
| g2        | n/a   | BUFG/O          | None       |          35 |               2 |  32 |           3 |    0 |   0 |  0 |    0 |   0 |       0 | design_1_i/caravel_0/inst/housekeeping/mprj_io_loader_clock_BUFG  |
| g3        | n/a   | BUFG/O          | None       |          21 |               0 |  21 |           0 |    0 |   0 |  0 |    0 |   0 |       0 | design_1_i/caravel_0/inst/housekeeping/mprj_io_loader_strobe_BUFG |
| g6        | n/a   | BUFG/O          | None       |           0 |               3 |   0 |           0 |    0 |   0 |  0 |    0 |   0 |       0 | design_1_i/caravel_ps_0/inst/control_s_axi_U/mprj_in_BUFG[4]      |
+-----------+-------+-----------------+------------+-------------+-----------------+-----+-------------+------+-----+----+------+-----+---------+-------------------------------------------------------------------+
* Clock Loads column represents cell count of net connects that connect to a clock pin. Internal cell leaf pins are not considered
** Non-Clock Loads column represents cell count of non-clock pin loads
*** Columns FF, LUTRAM, RAMB through 'Hard IP' represents load cell counts


17. Clock Region Cell Placement per Global Clock: Region X0Y2
-------------------------------------------------------------

+-----------+-------+-----------------+------------+-------------+-----------------+----+-------------+------+-----+----+------+-----+---------+------------------------------------------------+
| Global Id | Track | Driver Type/Pin | Constraint | Clock Loads | Non-Clock Loads | FF | Memory LUTs | RAMB | DSP | GT | MMCM | PLL | Hard IP | Net                                            |
+-----------+-------+-----------------+------------+-------------+-----------------+----+-------------+------+-----+----+------+-----+---------+------------------------------------------------+
| g0        | n/a   | BUFG/O          | None       |         116 |               0 | 99 |          16 |    0 |   0 |  0 |    0 |   0 |       0 | design_1_i/processing_system7_0/inst/FCLK_CLK0 |
+-----------+-------+-----------------+------------+-------------+-----------------+----+-------------+------+-----+----+------+-----+---------+------------------------------------------------+
* Clock Loads column represents cell count of net connects that connect to a clock pin. Internal cell leaf pins are not considered
** Non-Clock Loads column represents cell count of non-clock pin loads
*** Columns FF, LUTRAM, RAMB through 'Hard IP' represents load cell counts



# Location of BUFG Primitives 
set_property LOC BUFGCTRL_X0Y22 [get_cells design_1_i/processing_system7_0/inst/buffer_fclk_clk_0.FCLK_CLK_0_BUFG]
set_property LOC BUFGCTRL_X0Y21 [get_cells design_1_i/caravel_ps_0/inst/control_s_axi_U/mprj_in[4]_BUFG_inst]
set_property LOC BUFGCTRL_X0Y20 [get_cells design_1_i/caravel_0/inst/soc/core/CLK_BUFG_inst]
set_property LOC BUFGCTRL_X0Y19 [get_cells design_1_i/caravel_0/inst/housekeeping/mprj_io_loader_strobe_BUFG_inst]
set_property LOC BUFGCTRL_X0Y18 [get_cells design_1_i/caravel_0/inst/housekeeping/mprj_io_loader_clock_BUFG_inst]
set_property LOC BUFGCTRL_X0Y17 [get_cells design_1_i/caravel_0/inst/housekeeping/hkspi/flash_clk_BUFG_inst]
set_property LOC BUFGCTRL_X0Y16 [get_cells design_1_i/caravel_0/inst/housekeeping/csclk_BUFG_inst]

# Location of IO Primitives which is load of clock spine

# Location of clock ports

# Clock net "design_1_i/processing_system7_0/inst/FCLK_CLK0" driven by instance "design_1_i/processing_system7_0/inst/buffer_fclk_clk_0.FCLK_CLK_0_BUFG" located at site "BUFGCTRL_X0Y22"
#startgroup
create_pblock {CLKAG_design_1_i/processing_system7_0/inst/FCLK_CLK0}
add_cells_to_pblock [get_pblocks  {CLKAG_design_1_i/processing_system7_0/inst/FCLK_CLK0}] [get_cells -filter { PRIMITIVE_GROUP != I/O && IS_PRIMITIVE==1 && PRIMITIVE_LEVEL !=INTERNAL } -of_object [get_pins -leaf -filter {DIRECTION==IN} -of_objects [get_nets {design_1_i/processing_system7_0/inst/FCLK_CLK0}]]]
resize_pblock [get_pblocks {CLKAG_design_1_i/processing_system7_0/inst/FCLK_CLK0}] -add {CLOCKREGION_X0Y0:CLOCKREGION_X0Y0 CLOCKREGION_X0Y1:CLOCKREGION_X0Y1 CLOCKREGION_X0Y2:CLOCKREGION_X0Y2 CLOCKREGION_X1Y0:CLOCKREGION_X1Y0 CLOCKREGION_X1Y1:CLOCKREGION_X1Y1}
#endgroup

# Clock net "design_1_i/caravel_ps_0/inst/control_s_axi_U/mprj_in_BUFG[4]" driven by instance "design_1_i/caravel_ps_0/inst/control_s_axi_U/mprj_in[4]_BUFG_inst" located at site "BUFGCTRL_X0Y21"
#startgroup
create_pblock {CLKAG_design_1_i/caravel_ps_0/inst/control_s_axi_U/mprj_in_BUFG[4]}
add_cells_to_pblock [get_pblocks  {CLKAG_design_1_i/caravel_ps_0/inst/control_s_axi_U/mprj_in_BUFG[4]}] [get_cells -filter { PRIMITIVE_GROUP != I/O && IS_PRIMITIVE==1 && PRIMITIVE_LEVEL !=INTERNAL } -of_object [get_pins -leaf -filter {DIRECTION==IN} -of_objects [get_nets {design_1_i/caravel_ps_0/inst/control_s_axi_U/mprj_in_BUFG[4]}]]]
resize_pblock [get_pblocks {CLKAG_design_1_i/caravel_ps_0/inst/control_s_axi_U/mprj_in_BUFG[4]}] -add {CLOCKREGION_X0Y1:CLOCKREGION_X0Y1 CLOCKREGION_X1Y0:CLOCKREGION_X1Y0 CLOCKREGION_X1Y1:CLOCKREGION_X1Y1}
#endgroup

# Clock net "design_1_i/caravel_0/inst/soc/core/CLK_BUFG" driven by instance "design_1_i/caravel_0/inst/soc/core/CLK_BUFG_inst" located at site "BUFGCTRL_X0Y20"
#startgroup
create_pblock {CLKAG_design_1_i/caravel_0/inst/soc/core/CLK_BUFG}
add_cells_to_pblock [get_pblocks  {CLKAG_design_1_i/caravel_0/inst/soc/core/CLK_BUFG}] [get_cells -filter { PRIMITIVE_GROUP != I/O && IS_PRIMITIVE==1 && PRIMITIVE_LEVEL !=INTERNAL } -of_object [get_pins -leaf -filter {DIRECTION==IN} -of_objects [get_nets {design_1_i/caravel_0/inst/soc/core/CLK_BUFG}]]]
resize_pblock [get_pblocks {CLKAG_design_1_i/caravel_0/inst/soc/core/CLK_BUFG}] -add {CLOCKREGION_X0Y0:CLOCKREGION_X0Y0 CLOCKREGION_X1Y0:CLOCKREGION_X1Y0}
#endgroup

# Clock net "design_1_i/caravel_0/inst/housekeeping/mprj_io_loader_strobe_BUFG" driven by instance "design_1_i/caravel_0/inst/housekeeping/mprj_io_loader_strobe_BUFG_inst" located at site "BUFGCTRL_X0Y19"
#startgroup
create_pblock {CLKAG_design_1_i/caravel_0/inst/housekeeping/mprj_io_loader_strobe_BUFG}
add_cells_to_pblock [get_pblocks  {CLKAG_design_1_i/caravel_0/inst/housekeeping/mprj_io_loader_strobe_BUFG}] [get_cells -filter { PRIMITIVE_GROUP != I/O && IS_PRIMITIVE==1 && PRIMITIVE_LEVEL !=INTERNAL } -of_object [get_pins -leaf -filter {DIRECTION==IN} -of_objects [get_nets {design_1_i/caravel_0/inst/housekeeping/mprj_io_loader_strobe_BUFG}]]]
resize_pblock [get_pblocks {CLKAG_design_1_i/caravel_0/inst/housekeeping/mprj_io_loader_strobe_BUFG}] -add {CLOCKREGION_X0Y0:CLOCKREGION_X0Y0 CLOCKREGION_X0Y1:CLOCKREGION_X0Y1 CLOCKREGION_X1Y0:CLOCKREGION_X1Y0 CLOCKREGION_X1Y1:CLOCKREGION_X1Y1}
#endgroup

# Clock net "design_1_i/caravel_0/inst/housekeeping/mprj_io_loader_clock_BUFG" driven by instance "design_1_i/caravel_0/inst/housekeeping/mprj_io_loader_clock_BUFG_inst" located at site "BUFGCTRL_X0Y18"
#startgroup
create_pblock {CLKAG_design_1_i/caravel_0/inst/housekeeping/mprj_io_loader_clock_BUFG}
add_cells_to_pblock [get_pblocks  {CLKAG_design_1_i/caravel_0/inst/housekeeping/mprj_io_loader_clock_BUFG}] [get_cells -filter { PRIMITIVE_GROUP != I/O && IS_PRIMITIVE==1 && PRIMITIVE_LEVEL !=INTERNAL } -of_object [get_pins -leaf -filter {DIRECTION==IN} -of_objects [get_nets {design_1_i/caravel_0/inst/housekeeping/mprj_io_loader_clock_BUFG}]]]
resize_pblock [get_pblocks {CLKAG_design_1_i/caravel_0/inst/housekeeping/mprj_io_loader_clock_BUFG}] -add {CLOCKREGION_X0Y0:CLOCKREGION_X0Y0 CLOCKREGION_X0Y1:CLOCKREGION_X0Y1 CLOCKREGION_X1Y0:CLOCKREGION_X1Y0 CLOCKREGION_X1Y1:CLOCKREGION_X1Y1}
#endgroup

# Clock net "design_1_i/caravel_0/inst/housekeeping/hkspi/flash_clk_BUFG" driven by instance "design_1_i/caravel_0/inst/housekeeping/hkspi/flash_clk_BUFG_inst" located at site "BUFGCTRL_X0Y17"
#startgroup
create_pblock {CLKAG_design_1_i/caravel_0/inst/housekeeping/hkspi/flash_clk_BUFG}
add_cells_to_pblock [get_pblocks  {CLKAG_design_1_i/caravel_0/inst/housekeeping/hkspi/flash_clk_BUFG}] [get_cells -filter { PRIMITIVE_GROUP != I/O && IS_PRIMITIVE==1 && PRIMITIVE_LEVEL !=INTERNAL } -of_object [get_pins -leaf -filter {DIRECTION==IN} -of_objects [get_nets {design_1_i/caravel_0/inst/housekeeping/hkspi/flash_clk_BUFG}]]]
resize_pblock [get_pblocks {CLKAG_design_1_i/caravel_0/inst/housekeeping/hkspi/flash_clk_BUFG}] -add {CLOCKREGION_X0Y0:CLOCKREGION_X0Y0}
#endgroup

# Clock net "design_1_i/caravel_0/inst/housekeeping/csclk_BUFG" driven by instance "design_1_i/caravel_0/inst/housekeeping/csclk_BUFG_inst" located at site "BUFGCTRL_X0Y16"
#startgroup
create_pblock {CLKAG_design_1_i/caravel_0/inst/housekeeping/csclk_BUFG}
add_cells_to_pblock [get_pblocks  {CLKAG_design_1_i/caravel_0/inst/housekeeping/csclk_BUFG}] [get_cells -filter { PRIMITIVE_GROUP != I/O && IS_PRIMITIVE==1 && PRIMITIVE_LEVEL !=INTERNAL } -of_object [get_pins -leaf -filter {DIRECTION==IN} -of_objects [get_nets {design_1_i/caravel_0/inst/housekeeping/csclk_BUFG}]]]
resize_pblock [get_pblocks {CLKAG_design_1_i/caravel_0/inst/housekeeping/csclk_BUFG}] -add {CLOCKREGION_X0Y1:CLOCKREGION_X0Y1 CLOCKREGION_X1Y0:CLOCKREGION_X1Y0 CLOCKREGION_X1Y1:CLOCKREGION_X1Y1}
#endgroup
