==============================================================
Vitis HLS - High-Level Synthesis from C, C++ and OpenCL v2023.1 (64-bit)
Tool Version Limit: 2023.05
Copyright 1986-2022 Xilinx, Inc. All Rights Reserved.
Copyright 2022-2023 Advanced Micro Devices, Inc. All Rights Reserved.

==============================================================
INFO: [HLS 200-1505] Using default flow_target 'vivado'
INFO: [HLS 200-1510] Running: set_part xc7z020-clg400-1 
INFO: [HLS 200-1611] Setting target device to 'xc7z020-clg400-1'
INFO: [HLS 200-1510] Running: create_clock -period 10 
INFO: [SYN 201-201] Setting up clock 'default' with a period of 10ns.
INFO: [HLS 200-1510] Running: csynth_design 
INFO: [HLS 200-111] Finished File checks and directory preparation: CPU user time: 0.04 seconds. CPU system time: 0.01 seconds. Elapsed time: 0.05 seconds; current allocated memory: 1.065 GB.
INFO: [HLS 200-10] Analyzing design file 'src/output_pin.cpp' ... 
INFO: [HLS 200-111] Finished Source Code Analysis and Preprocessing: CPU user time: 0.24 seconds. CPU system time: 0.45 seconds. Elapsed time: 1.17 seconds; current allocated memory: 1.067 GB.
INFO: [HLS 200-777] Using interface defaults for 'Vivado' flow target.
INFO: [HLS 200-1995] There were 5 instructions in the design after the 'Compile/Link' phase of compilation. See the Design Size Report for more details: /home/chngh/Desktop/SOC_design/Lab5/vitis_hls_project/hls_output_pin/hls_output_pin.prj/solution1/syn/report/csynth_design_size.rpt
INFO: [HLS 200-1995] There were 5 instructions in the design after the 'Unroll/Inline' phase of compilation. See the Design Size Report for more details: /home/chngh/Desktop/SOC_design/Lab5/vitis_hls_project/hls_output_pin/hls_output_pin.prj/solution1/syn/report/csynth_design_size.rpt
INFO: [HLS 200-1995] There were 5 instructions in the design after the 'Performance/Pipeline' phase of compilation. See the Design Size Report for more details: /home/chngh/Desktop/SOC_design/Lab5/vitis_hls_project/hls_output_pin/hls_output_pin.prj/solution1/syn/report/csynth_design_size.rpt
INFO: [HLS 200-1995] There were 9 instructions in the design after the 'Optimizations' phase of compilation. See the Design Size Report for more details: /home/chngh/Desktop/SOC_design/Lab5/vitis_hls_project/hls_output_pin/hls_output_pin.prj/solution1/syn/report/csynth_design_size.rpt
INFO: [HLS 200-111] Finished Compiling Optimization and Transform: CPU user time: 1.72 seconds. CPU system time: 0.47 seconds. Elapsed time: 7.35 seconds; current allocated memory: 1.068 GB.
INFO: [HLS 200-111] Finished Checking Pragmas: CPU user time: 0 seconds. CPU system time: 0 seconds. Elapsed time: 0 seconds; current allocated memory: 1.068 GB.
INFO: [HLS 200-10] Starting code transformations ...
INFO: [HLS 200-111] Finished Standard Transforms: CPU user time: 0.01 seconds. CPU system time: 0.01 seconds. Elapsed time: 0.08 seconds; current allocated memory: 1.068 GB.
INFO: [HLS 200-10] Checking synthesizability ...
INFO: [HLS 200-111] Finished Checking Synthesizability: CPU user time: 0.01 seconds. CPU system time: 0 seconds. Elapsed time: 0 seconds; current allocated memory: 1.068 GB.
INFO: [HLS 200-111] Finished Loop, function and other optimizations: CPU user time: 0.01 seconds. CPU system time: 0.01 seconds. Elapsed time: 0.02 seconds; current allocated memory: 1.087 GB.
INFO: [HLS 200-111] Finished Architecture Synthesis: CPU user time: 0.01 seconds. CPU system time: 0.01 seconds. Elapsed time: 0.02 seconds; current allocated memory: 1.087 GB.
INFO: [HLS 200-10] Starting hardware synthesis ...
INFO: [HLS 200-10] Synthesizing 'output_pin' ...
INFO: [HLS 200-10] ----------------------------------------------------------------
INFO: [HLS 200-42] -- Implementing module 'output_pin' 
INFO: [HLS 200-10] ----------------------------------------------------------------
INFO: [SCHED 204-11] Starting scheduling ...
INFO: [SCHED 204-11] Finished scheduling.
INFO: [HLS 200-111] Finished Scheduling: CPU user time: 0.01 seconds. CPU system time: 0.04 seconds. Elapsed time: 0.09 seconds; current allocated memory: 1.087 GB.
INFO: [BIND 205-100] Starting micro-architecture generation ...
INFO: [BIND 205-101] Performing variable lifetime analysis.
INFO: [BIND 205-101] Exploring resource sharing.
INFO: [BIND 205-101] Binding ...
INFO: [BIND 205-100] Finished micro-architecture generation.
INFO: [HLS 200-111] Finished Binding: CPU user time: 0.03 seconds. CPU system time: 0 seconds. Elapsed time: 0.02 seconds; current allocated memory: 1.087 GB.
INFO: [HLS 200-10] ----------------------------------------------------------------
INFO: [HLS 200-10] -- Generating RTL for module 'output_pin' 
INFO: [HLS 200-10] ----------------------------------------------------------------
WARNING: [RTGEN 206-101] Design contains AXI ports. Reset is fixed to synchronous and active low.
INFO: [RTGEN 206-500] Setting interface mode on port 'output_pin/outpin_ctrl' to 's_axilite & ap_none'.
INFO: [RTGEN 206-500] Setting interface mode on port 'output_pin/outpin' to 'ap_none'.
WARNING: [RTGEN 206-101] Port 'outpin' with mode 'ap_none' may require an associated data valid signal to correctly communicate with other blocks or a test bench; automatic C/RTL co-simulation may not be able to verify such a port.
INFO: [RTGEN 206-500] Setting interface mode on function 'output_pin' to 'ap_ctrl_none'.
INFO: [RTGEN 206-100] Bundling port 'outpin_ctrl' to AXI-Lite port control.
INFO: [RTGEN 206-100] Finished creating RTL model for 'output_pin'.
INFO: [HLS 200-111] Finished Creating RTL model: CPU user time: 0.02 seconds. CPU system time: 0 seconds. Elapsed time: 0.03 seconds; current allocated memory: 1.087 GB.
INFO: [HLS 200-111] Finished Generating all RTL models: CPU user time: 0.15 seconds. CPU system time: 0.01 seconds. Elapsed time: 0.17 seconds; current allocated memory: 1.087 GB.
INFO: [HLS 200-111] Finished Updating report files: CPU user time: 0.13 seconds. CPU system time: 0.02 seconds. Elapsed time: 0.15 seconds; current allocated memory: 1.087 GB.
INFO: [VHDL 208-304] Generating VHDL RTL for output_pin.
INFO: [VLOG 209-307] Generating Verilog RTL for output_pin.
INFO: [HLS 200-789] **** Estimated Fmax: 1000.00 MHz
INFO: [HLS 200-111] Finished Command csynth_design CPU user time: 2.39 seconds. CPU system time: 1.03 seconds. Elapsed time: 9.16 seconds; current allocated memory: 21.688 MB.
INFO: [HLS 200-1510] Running: config_export -version 0.0.1 
INFO: [HLS 200-1510] Running: export_design -rtl verilog -format ip_catalog 
INFO: [IMPL 213-8] Exporting RTL as a Vivado IP.
INFO: [HLS 200-802] Generated output file hls_output_pin.prj/solution1/impl/export.zip
INFO: [HLS 200-111] Finished Command export_design CPU user time: 10.21 seconds. CPU system time: 0.69 seconds. Elapsed time: 13.06 seconds; current allocated memory: 1.996 MB.
