/home/chngh/Desktop/SOC_design/Lab5/vitis_hls_project/hls_caravel_ps/run_hls.tcl:42:9: warning: HLS pragma dump _XLX_SEP_ PragmaIsValid=1_XLX_SEP_ PragmaType=top_XLX_SEP_ PragmaContext=directive_XLX_SEP_ PragmaFunction=caravel_ps_XLX_SEP_ PragmaOptions=name=caravel_ps_XLX_SEP_ [-Wdump-hls-pragmas]
#pragma HLSDIRECTIVE TOP name=caravel_ps
        ^
src/caravel_ps.cpp:30:9: warning: HLS pragma dump _XLX_SEP_ PragmaIsValid=1_XLX_SEP_ PragmaType=pipeline_XLX_SEP_ PragmaContext=_XLX_SEP_ PragmaFunction=caravel_ps_XLX_SEP_ PragmaOptions=_XLX_SEP_ [-Wdump-hls-pragmas]
#pragma HLS PIPELINE
        ^
src/caravel_ps.cpp:31:9: warning: HLS pragma dump _XLX_SEP_ PragmaIsValid=1_XLX_SEP_ PragmaType=interface_XLX_SEP_ PragmaContext=_XLX_SEP_ PragmaFunction=caravel_ps_XLX_SEP_ PragmaOptions=s_axilite port=ps_mprj_in_XLX_SEP_ [-Wdump-hls-pragmas]
#pragma HLS INTERFACE s_axilite port=ps_mprj_in
        ^
src/caravel_ps.cpp:32:9: warning: HLS pragma dump _XLX_SEP_ PragmaIsValid=1_XLX_SEP_ PragmaType=interface_XLX_SEP_ PragmaContext=_XLX_SEP_ PragmaFunction=caravel_ps_XLX_SEP_ PragmaOptions=s_axilite port=ps_mprj_out_XLX_SEP_ [-Wdump-hls-pragmas]
#pragma HLS INTERFACE s_axilite port=ps_mprj_out
        ^
src/caravel_ps.cpp:33:9: warning: HLS pragma dump _XLX_SEP_ PragmaIsValid=1_XLX_SEP_ PragmaType=interface_XLX_SEP_ PragmaContext=_XLX_SEP_ PragmaFunction=caravel_ps_XLX_SEP_ PragmaOptions=s_axilite port=ps_mprj_en_XLX_SEP_ [-Wdump-hls-pragmas]
#pragma HLS INTERFACE s_axilite port=ps_mprj_en
        ^
src/caravel_ps.cpp:34:9: warning: HLS pragma dump _XLX_SEP_ PragmaIsValid=1_XLX_SEP_ PragmaType=interface_XLX_SEP_ PragmaContext=_XLX_SEP_ PragmaFunction=caravel_ps_XLX_SEP_ PragmaOptions=ap_ctrl_none port=return_XLX_SEP_ [-Wdump-hls-pragmas]
#pragma HLS INTERFACE ap_ctrl_none port=return
        ^
src/caravel_ps.cpp:37:9: warning: HLS pragma dump _XLX_SEP_ PragmaIsValid=1_XLX_SEP_ PragmaType=interface_XLX_SEP_ PragmaContext=_XLX_SEP_ PragmaFunction=caravel_ps_XLX_SEP_ PragmaOptions=ap_none port=mprj_in_XLX_SEP_ [-Wdump-hls-pragmas]
#pragma HLS INTERFACE ap_none port=mprj_in
        ^
src/caravel_ps.cpp:38:9: warning: HLS pragma dump _XLX_SEP_ PragmaIsValid=1_XLX_SEP_ PragmaType=interface_XLX_SEP_ PragmaContext=_XLX_SEP_ PragmaFunction=caravel_ps_XLX_SEP_ PragmaOptions=ap_none port=mprj_out_XLX_SEP_ [-Wdump-hls-pragmas]
#pragma HLS INTERFACE ap_none port=mprj_out
        ^
src/caravel_ps.cpp:39:9: warning: HLS pragma dump _XLX_SEP_ PragmaIsValid=1_XLX_SEP_ PragmaType=interface_XLX_SEP_ PragmaContext=_XLX_SEP_ PragmaFunction=caravel_ps_XLX_SEP_ PragmaOptions=ap_none port=mprj_en_XLX_SEP_ [-Wdump-hls-pragmas]
#pragma HLS INTERFACE ap_none port=mprj_en
        ^
src/caravel_ps.cpp:48:9: warning: HLS pragma dump _XLX_SEP_ PragmaIsValid=1_XLX_SEP_ PragmaType=unroll_XLX_SEP_ PragmaContext=_XLX_SEP_ PragmaFunction=caravel_ps_XLX_SEP_ PragmaOptions=_XLX_SEP_ [-Wdump-hls-pragmas]
#pragma HLS UNROLL
        ^
10 warnings generated.
