/home/chngh/Desktop/SOC_design/Lab5/vitis_hls_project/hls_caravel_ps/hls_caravel_ps.prj/solution1/.autopilot/db/caravel_ps.pp.0.cpp:1321:7: warning: Added loop label VITIS_LOOP_1213_1:   [xilinx-label-all-loops]
      for (i = 0; i < __N - 1; ++i) {
      ^~~
      VITIS_LOOP_1213_1: 
/home/chngh/Desktop/SOC_design/Lab5/vitis_hls_project/hls_caravel_ps/hls_caravel_ps.prj/solution1/.autopilot/db/caravel_ps.pp.0.cpp:1321:7: note: FIX-IT applied suggested code changes
/home/chngh/Desktop/SOC_design/Lab5/vitis_hls_project/hls_caravel_ps/hls_caravel_ps.prj/solution1/.autopilot/db/caravel_ps.pp.0.cpp:2295:5: warning: Added loop label VITIS_LOOP_676_1:   [xilinx-label-all-loops]
    for (unsigned i = low; i != high; ++i) {
    ^~~
    VITIS_LOOP_676_1: 
/home/chngh/Desktop/SOC_design/Lab5/vitis_hls_project/hls_caravel_ps/hls_caravel_ps.prj/solution1/.autopilot/db/caravel_ps.pp.0.cpp:2295:5: note: FIX-IT applied suggested code changes
/home/chngh/Desktop/SOC_design/Lab5/vitis_hls_project/hls_caravel_ps/hls_caravel_ps.prj/solution1/.autopilot/db/caravel_ps.pp.0.cpp:2309:5: warning: Added loop label VITIS_LOOP_690_1:   [xilinx-label-all-loops]
    for (unsigned i = low; i != high; ++i) {
    ^~~
    VITIS_LOOP_690_1: 
/home/chngh/Desktop/SOC_design/Lab5/vitis_hls_project/hls_caravel_ps/hls_caravel_ps.prj/solution1/.autopilot/db/caravel_ps.pp.0.cpp:2309:5: note: FIX-IT applied suggested code changes
/home/chngh/Desktop/SOC_design/Lab5/vitis_hls_project/hls_caravel_ps/hls_caravel_ps.prj/solution1/.autopilot/db/caravel_ps.pp.0.cpp:2323:5: warning: Added loop label VITIS_LOOP_704_1:   [xilinx-label-all-loops]
    for (unsigned i = low; i != high; ++i) {
    ^~~
    VITIS_LOOP_704_1: 
/home/chngh/Desktop/SOC_design/Lab5/vitis_hls_project/hls_caravel_ps/hls_caravel_ps.prj/solution1/.autopilot/db/caravel_ps.pp.0.cpp:2323:5: note: FIX-IT applied suggested code changes
/home/chngh/Desktop/SOC_design/Lab5/vitis_hls_project/hls_caravel_ps/hls_caravel_ps.prj/solution1/.autopilot/db/caravel_ps.pp.0.cpp:3934:7: warning: Added loop label VITIS_LOOP_1247_1:   [xilinx-label-all-loops]
      for (i = 0; i < __N - 1; ++i) {
      ^~~
      VITIS_LOOP_1247_1: 
/home/chngh/Desktop/SOC_design/Lab5/vitis_hls_project/hls_caravel_ps/hls_caravel_ps.prj/solution1/.autopilot/db/caravel_ps.pp.0.cpp:3934:7: note: FIX-IT applied suggested code changes
/home/chngh/Desktop/SOC_design/Lab5/vitis_hls_project/hls_caravel_ps/hls_caravel_ps.prj/solution1/.autopilot/db/caravel_ps.pp.0.cpp:5746:2: warning: Added loop label VITIS_LOOP_47_1:   [xilinx-label-all-loops]
 for(i = 0; i < 38; i++) {
 ^~~
 VITIS_LOOP_47_1: 
/home/chngh/Desktop/SOC_design/Lab5/vitis_hls_project/hls_caravel_ps/hls_caravel_ps.prj/solution1/.autopilot/db/caravel_ps.pp.0.cpp:5746:2: note: FIX-IT applied suggested code changes
